
/home/runner/work/exp-random-forest-dei/exp-random-forest-dei/experiment/simulation/js/main.js
  1345:32  warning  'selectClassificationType' is not defined  no-undef

/home/runner/work/exp-random-forest-dei/exp-random-forest-dei/experiment/simulation/js/main_new.js
    5:5   warning  'CLASSIFICATION_TYPE' is assigned a value but never used  no-unused-vars
  181:5   warning  'currentStepIndex' is assigned a value but never used     no-unused-vars
  182:5   warning  'currentBlockIndex' is assigned a value but never used    no-unused-vars
  218:10  warning  'selectClassificationType' is defined but never used      no-unused-vars
  231:11  warning  'contentWrapper' is assigned a value but never used       no-unused-vars

/home/runner/work/exp-random-forest-dei/exp-random-forest-dei/experiment/simulation/js/rf_animation.js
   68:50  warning  'RF_DATA_BINARY' is not defined      no-undef
   68:67  warning  'RF_DATA_MULTICLASS' is not defined  no-undef
  222:16  warning  Unexpected constant condition        no-constant-condition

/home/runner/work/exp-random-forest-dei/exp-random-forest-dei/experiment/simulation/js/rf_animator.js
   74:56  warning  'RF_DATA_BINARY' is not defined                     no-undef
   74:73  warning  'RF_DATA_MULTICLASS' is not defined                 no-undef
  275:15  warning  'criterionDesc' is assigned a value but never used  no-unused-vars
  599:31  warning  'path' is defined but never used                    no-unused-vars

/home/runner/work/exp-random-forest-dei/exp-random-forest-dei/experiment/simulation/js/rf_data_binary.js
  1:7  warning  'RF_DATA_BINARY' is assigned a value but never used  no-unused-vars

/home/runner/work/exp-random-forest-dei/exp-random-forest-dei/experiment/simulation/js/rf_data_multiclass.js
  1:7  warning  'RF_DATA_MULTICLASS' is assigned a value but never used  no-unused-vars

/home/runner/work/exp-random-forest-dei/exp-random-forest-dei/experiment/simulation/js/tree_data_binary.js
  1:7  warning  'TREE_DATA_BINARY' is assigned a value but never used  no-unused-vars

/home/runner/work/exp-random-forest-dei/exp-random-forest-dei/experiment/simulation/js/tree_data_multiclass.js
  1:7  warning  'TREE_DATA_MULTICLASS' is assigned a value but never used  no-unused-vars

✖ 17 problems (0 errors, 17 warnings)

