
C:\Users\3337r\OneDrive\Desktop\Vlab\exp-random-forest-dei\experiment\simulation\js\main.js
  858:32  warning  'selectClassificationType' is not defined  no-undef

C:\Users\3337r\OneDrive\Desktop\Vlab\exp-random-forest-dei\experiment\simulation\js\main_new.js
    5:5   warning  'CLASSIFICATION_TYPE' is assigned a value but never used  no-unused-vars
  181:5   warning  'currentStepIndex' is assigned a value but never used     no-unused-vars
  182:5   warning  'currentBlockIndex' is assigned a value but never used    no-unused-vars
  218:10  warning  'selectClassificationType' is defined but never used      no-unused-vars
  231:11  warning  'contentWrapper' is assigned a value but never used       no-unused-vars

C:\Users\3337r\OneDrive\Desktop\Vlab\exp-random-forest-dei\experiment\simulation\js\rf_animation.js
   68:50  warning  'RF_DATA_BINARY' is not defined      no-undef
   68:67  warning  'RF_DATA_MULTICLASS' is not defined  no-undef
  222:16  warning  Unexpected constant condition        no-constant-condition

C:\Users\3337r\OneDrive\Desktop\Vlab\exp-random-forest-dei\experiment\simulation\js\rf_animator.js
   69:56  warning  'RF_DATA_BINARY' is not defined        no-undef
   69:73  warning  'RF_DATA_MULTICLASS' is not defined    no-undef
  241:29  warning  'treeIndex' is defined but never used  no-unused-vars
  297:31  warning  'path' is defined but never used       no-unused-vars

C:\Users\3337r\OneDrive\Desktop\Vlab\exp-random-forest-dei\experiment\simulation\js\rf_data_binary.js
  1:7  warning  'RF_DATA_BINARY' is assigned a value but never used  no-unused-vars

C:\Users\3337r\OneDrive\Desktop\Vlab\exp-random-forest-dei\experiment\simulation\js\rf_data_multiclass.js
  1:7       warning  'RF_DATA_MULTICLASS' is assigned a value but never used  no-unused-vars
  1:34127   warning  This number literal will lose precision at runtime       no-loss-of-precision
  1:93996   warning  This number literal will lose precision at runtime       no-loss-of-precision
  1:98595   warning  This number literal will lose precision at runtime       no-loss-of-precision
  1:103879  warning  This number literal will lose precision at runtime       no-loss-of-precision
  1:192174  warning  This number literal will lose precision at runtime       no-loss-of-precision
  1:519782  warning  This number literal will lose precision at runtime       no-loss-of-precision
  1:646904  warning  This number literal will lose precision at runtime       no-loss-of-precision

C:\Users\3337r\OneDrive\Desktop\Vlab\exp-random-forest-dei\experiment\simulation\js\tree_data_binary.js
  1:7  warning  'TREE_DATA_BINARY' is assigned a value but never used  no-unused-vars

C:\Users\3337r\OneDrive\Desktop\Vlab\exp-random-forest-dei\experiment\simulation\js\tree_data_multiclass.js
  1:7  warning  'TREE_DATA_MULTICLASS' is assigned a value but never used  no-unused-vars

✖ 24 problems (0 errors, 24 warnings)

